0.384810 146
0.082202 1
9.388252 1
0.087752 1
0.103910 4
0.368110 4
0.159883 4
0.159982 1
0.388179 1
0.175904 2
0.264313 28
0.001506 146
0.000741 1
2.309667 1
0.679934 4
0.363798 4
0.364009 1
0.864088 1
0.111808 1
0.192136 212
0.192599 1
16.499528 1
0.219969 1
0.143810 2
0.552196 302
0.059635 1368
0.013848 146
0.000748 1
2.265760 1
0.259781 1
0.223974 1
0.172004 1
0.680012 1
0.151828 4
0.552114 4
0.171895 4
0.708121 4
0.163834 4
0.151978 4
0.256057 1
0.247984 1
2.500321 1
0.235813 1
0.344110 1
0.199929 8
